<?xml version="1.0" encoding="UTF-8"?>
<testng-results skipped="0" failed="0" ignored="0" total="1" passed="1">
  <reporter-output>
  </reporter-output>
  <suite name="Default suite" duration-ms="52" started-at="2020-06-21T07:19:09Z" finished-at="2020-06-21T07:19:09Z">
    <groups>
    </groups>
    <test name="Default test" duration-ms="52" started-at="2020-06-21T07:19:09Z" finished-at="2020-06-21T07:19:09Z">
      <class name="NewTest">
        <test-method status="PASS" signature="f()[pri:0, instance:NewTest@6d8a00e3]" name="f" duration-ms="16" started-at="2020-06-21T07:19:09Z" finished-at="2020-06-21T07:19:09Z">
          <reporter-output>
          </reporter-output>
        </test-method> <!-- f -->
      </class> <!-- NewTest -->
    </test> <!-- Default test -->
  </suite> <!-- Default suite -->
</testng-results>
