<?xml version="1.0" encoding="UTF-8"?>
<testng-results skipped="0" failed="0" ignored="0" total="3" passed="3">
  <reporter-output>
  </reporter-output>
  <suite name="Suite" duration-ms="82" started-at="2021-05-23T13:16:40Z" finished-at="2021-05-23T13:16:40Z">
    <groups>
    </groups>
    <test name="Test" duration-ms="82" started-at="2021-05-23T13:16:40Z" finished-at="2021-05-23T13:16:40Z">
      <class name="practiceTests.NewTest">
        <test-method status="PASS" signature="setup()[pri:0, instance:practiceTests.NewTest@2ef5e5e3]" name="setup" is-config="true" duration-ms="21" started-at="2021-05-23T13:16:40Z" finished-at="2021-05-23T13:16:40Z">
          <reporter-output>
          </reporter-output>
        </test-method> <!-- setup -->
        <test-method status="PASS" signature="f1()[pri:0, instance:practiceTests.NewTest@2ef5e5e3]" name="f1" duration-ms="17" started-at="2021-05-23T13:16:40Z" finished-at="2021-05-23T13:16:40Z">
          <reporter-output>
          </reporter-output>
        </test-method> <!-- f1 -->
        <test-method status="PASS" signature="f2()[pri:0, instance:practiceTests.NewTest@2ef5e5e3]" name="f2" duration-ms="3" started-at="2021-05-23T13:16:40Z" finished-at="2021-05-23T13:16:40Z">
          <reporter-output>
          </reporter-output>
        </test-method> <!-- f2 -->
        <test-method status="PASS" signature="f3()[pri:0, instance:practiceTests.NewTest@2ef5e5e3]" name="f3" duration-ms="3" started-at="2021-05-23T13:16:40Z" finished-at="2021-05-23T13:16:40Z">
          <reporter-output>
          </reporter-output>
        </test-method> <!-- f3 -->
        <test-method status="PASS" signature="teardown()[pri:0, instance:practiceTests.NewTest@2ef5e5e3]" name="teardown" is-config="true" duration-ms="0" started-at="2021-05-23T13:16:40Z" finished-at="2021-05-23T13:16:40Z">
          <reporter-output>
          </reporter-output>
        </test-method> <!-- teardown -->
      </class> <!-- practiceTests.NewTest -->
    </test> <!-- Test -->
  </suite> <!-- Suite -->
</testng-results>
